<?xml version="1.0" encoding="UTF-8"?>
<!-- Generated by org.testng.reporters.JUnitReportReporter -->
<testsuite hostname="HK" failures="0" tests="3" name="testCases.TC_06_GiftPurshase" time="12.915" errors="0" timestamp="2025-02-14T17:46:29 EST" skipped="0">
  <testcase classname="testCases.TC_06_GiftPurshase" name="testPurchaseAGiftCertificate" time="4.130"/>
  <system-out/>
  <testcase classname="testCases.TC_06_GiftPurshase" name="testPurchaseAGiftCertificate" time="4.174"/>
  <system-out/>
  <testcase classname="testCases.TC_06_GiftPurshase" name="testPurchaseAGiftCertificate" time="4.611"/>
  <system-out/>
</testsuite> <!-- testCases.TC_06_GiftPurshase -->
