<?xml version="1.0" encoding="UTF-8"?>
<!-- Generated by org.testng.reporters.JUnitReportReporter -->
<testsuite hostname="HK" failures="0" tests="3" name="testCases.TC01_LaunchApplication" time="0.122" errors="0" timestamp="2025-02-14T17:46:29 EST" skipped="0">
  <testcase classname="testCases.TC01_LaunchApplication" name="testLaunchApplication" time="0.045"/>
  <system-out/>
  <testcase classname="testCases.TC01_LaunchApplication" name="testLaunchApplication" time="0.040"/>
  <system-out/>
  <testcase classname="testCases.TC01_LaunchApplication" name="testLaunchApplication" time="0.037"/>
  <system-out/>
</testsuite> <!-- testCases.TC01_LaunchApplication -->
