<?xml version="1.0" encoding="UTF-8"?>
<!-- Generated by org.testng.reporters.JUnitReportReporter -->
<testsuite hostname="HK" failures="0" tests="18" name="testCases.TC02_Login" time="65.748" errors="0" timestamp="2025-02-14T17:46:29 EST" skipped="0">
  <testcase classname="testCases.TC02_Login" name="testLogin" time="5.510"/>
  <system-out/>
  <testcase classname="testCases.TC02_Login" name="testLogin" time="3.505"/>
  <system-out/>
  <testcase classname="testCases.TC02_Login" name="testLogin" time="5.088"/>
  <system-out/>
  <testcase classname="testCases.TC02_Login" name="testLogin" time="3.024"/>
  <system-out/>
  <testcase classname="testCases.TC02_Login" name="testLogin" time="2.653"/>
  <system-out/>
  <testcase classname="testCases.TC02_Login" name="testLogin" time="3.097"/>
  <system-out/>
  <testcase classname="testCases.TC02_Login" name="testLogin" time="7.966"/>
  <system-out/>
  <testcase classname="testCases.TC02_Login" name="testLogin" time="2.604"/>
  <system-out/>
  <testcase classname="testCases.TC02_Login" name="testLogin" time="2.927"/>
  <system-out/>
  <testcase classname="testCases.TC02_Login" name="testLogin" time="3.672"/>
  <system-out/>
  <testcase classname="testCases.TC02_Login" name="testLogin" time="2.784"/>
  <system-out/>
  <testcase classname="testCases.TC02_Login" name="testLogin" time="3.295"/>
  <system-out/>
  <testcase classname="testCases.TC02_Login" name="testLogin" time="3.121"/>
  <system-out/>
  <testcase classname="testCases.TC02_Login" name="testLogin" time="2.862"/>
  <system-out/>
  <testcase classname="testCases.TC02_Login" name="testLogin" time="4.425"/>
  <system-out/>
  <testcase classname="testCases.TC02_Login" name="testLogin" time="3.224"/>
  <system-out/>
  <testcase classname="testCases.TC02_Login" name="testLogin" time="2.989"/>
  <system-out/>
  <testcase classname="testCases.TC02_Login" name="testLogin" time="3.002"/>
  <system-out/>
</testsuite> <!-- testCases.TC02_Login -->
