<?xml version="1.0" encoding="UTF-8"?>
<!-- Generated by org.testng.reporters.JUnitReportReporter -->
<testsuite hostname="HK" failures="0" tests="3" name="testCases.TC_05_AddToWishlist" time="8.324" errors="0" timestamp="2025-02-14T17:46:29 EST" skipped="0">
  <testcase classname="testCases.TC_05_AddToWishlist" name="testAddToWishlist" time="3.518"/>
  <system-out/>
  <testcase classname="testCases.TC_05_AddToWishlist" name="testAddToWishlist" time="2.100"/>
  <system-out/>
  <testcase classname="testCases.TC_05_AddToWishlist" name="testAddToWishlist" time="2.706"/>
  <system-out/>
</testsuite> <!-- testCases.TC_05_AddToWishlist -->
